Lmod has detected the following error: The following module(s) are unknown:
"build_v8.0.0-cray-intel"

Please check the spelling or version number. Also try "module spider ..."
It is also possible your cache file is out-of-date; it may help to try:
  $ module --ignore-cache load "build_v8.0.0-cray-intel"

Also make sure that all modulefiles written in TCL start with the string
#%Module



No modules loaded
rm: cannot remove '*.o': No such file or directory
make: *** [makefile:51: clean] Error 1
convert big_endian   -c -o BFRHDR.o BFRHDR.f
make: convert: Command not found
make: [<builtin>: BFRHDR.o] Error 127 (ignored)
convert big_endian   -c -o BFRIZE.o BFRIZE.f
make: convert: Command not found
make: [<builtin>: BFRIZE.o] Error 127 (ignored)
convert big_endian   -c -o CALHEL.o CALHEL.f
make: convert: Command not found
make: [<builtin>: CALHEL.o] Error 127 (ignored)
convert big_endian   -c -o CALWXT.o CALWXT.f
make: convert: Command not found
make: [<builtin>: CALWXT.o] Error 127 (ignored)
convert big_endian   -c -o SMIX.o SMIX.f
make: convert: Command not found
make: [<builtin>: SMIX.o] Error 127 (ignored)
convert big_endian   -c -o SNDPST.o SNDPST.f
make: convert: Command not found
make: [<builtin>: SNDPST.o] Error 127 (ignored)
convert big_endian   -c -o SNDPST_FV3S.o SNDPST_FV3S.f
make: convert: Command not found
make: [<builtin>: SNDPST_FV3S.o] Error 127 (ignored)
convert big_endian   -c -o VAP.o VAP.f
make: convert: Command not found
make: [<builtin>: VAP.o] Error 127 (ignored)
convert big_endian   -c -o WETBLB.o WETBLB.f
make: convert: Command not found
make: [<builtin>: WETBLB.o] Error 127 (ignored)
convert big_endian   -c -o CALVIS.o CALVIS.f
make: convert: Command not found
make: [<builtin>: CALVIS.o] Error 127 (ignored)
convert big_endian   -c -o CALWXT_RAMER.o CALWXT_RAMER.f
make: convert: Command not found
make: [<builtin>: CALWXT_RAMER.o] Error 127 (ignored)
convert big_endian   -c -o CALWXT_EXPLICIT.o CALWXT_EXPLICIT.f
make: convert: Command not found
make: [<builtin>: CALWXT_EXPLICIT.o] Error 127 (ignored)
convert big_endian   -c -o CALWXT_REVISED.o CALWXT_REVISED.f
make: convert: Command not found
make: [<builtin>: CALWXT_REVISED.o] Error 127 (ignored)
convert big_endian   -c -o CALWXT_BOURG.o CALWXT_BOURG.f
make: convert: Command not found
make: [<builtin>: CALWXT_BOURG.o] Error 127 (ignored)
convert big_endian   -c -o CALWXT_DOMINANT.o CALWXT_DOMINANT.f
make: convert: Command not found
make: [<builtin>: CALWXT_DOMINANT.o] Error 127 (ignored)
convert big_endian  -o rrfs_sndp.x BFRHDR.o BFRIZE.o CALHEL.o CALWXT.o SMIX.o SNDPST.o SNDPST_FV3S.o VAP.o WETBLB.o CALVIS.o CALWXT_RAMER.o CALWXT_EXPLICIT.o CALWXT_REVISED.o CALWXT_BOURG.o CALWXT_DOMINANT.o 
make: convert: Command not found
make: [makefile:40: rrfs_sndp.x] Error 127 (ignored)
